#
# There is insufficient memory for the Java Runtime Environment to continue.
# Native memory allocation (mmap) failed to map 268435456 bytes. Error detail: G1 virtual space
# Possible reasons:
#   The system is out of physical RAM or swap space
#   This process is running with CompressedOops enabled, and the Java Heap may be blocking the growth of the native heap
# Possible solutions:
#   Reduce memory load on the system
#   Increase physical memory or swap space
#   Check if swap backing store is full
#   Decrease Java heap size (-Xmx/-Xms)
#   Decrease number of Java threads
#   Decrease Java thread stack sizes (-Xss)
#   Set larger code cache with -XX:ReservedCodeCacheSize=
#   JVM is running with Zero Based Compressed Oops mode in which the Java heap is
#     placed in the first 32GB address space. The Java Heap base address is the
#     maximum limit for the native heap growth. Please use -XX:HeapBaseMinAddress
#     to set the Java Heap base and to place the Java Heap above 32GB virtual address.
# This output file may be truncated or incomplete.
#
#  Out of Memory Error (os_windows.cpp:3815), pid=16936, tid=6692
#
# JRE version:  (21.0.3+13) (build )
# Java VM: OpenJDK 64-Bit Server VM (21.0.3+13-b509.15, mixed mode, sharing, tiered, compressed oops, compressed class ptrs, g1 gc, windows-amd64)
# No core dump will be written. Minidumps are not enabled by default on client versions of Windows
#

---------------  S U M M A R Y ------------

Command Line: git4idea.http.GitAskPassApp Username for 'https://github.com': 

Host: Intel(R) Core(TM) i5-4570 CPU @ 3.20GHz, 4 cores, 15G,  Windows 10 , 64 bit Build 19041 (10.0.19041.4842)
Time: Wed Oct  2 12:45:55 2024  Windows 10 , 64 bit Build 19041 (10.0.19041.4842) elapsed time: 0.018921 seconds (0d 0h 0m 0s)

---------------  T H R E A D  ---------------

Current thread (0x000002467c0197c0):  JavaThread "Unknown thread" [_thread_in_vm, id=6692, stack(0x000000b4f0e00000,0x000000b4f0f00000) (1024K)]

Stack: [0x000000b4f0e00000,0x000000b4f0f00000]
Native frames: (J=compiled Java code, j=interpreted, Vv=VM code, C=native code)
V  [jvm.dll+0x6e02f9]
V  [jvm.dll+0x8bd383]
V  [jvm.dll+0x8bf8de]
V  [jvm.dll+0x8bffc3]
V  [jvm.dll+0x2879c6]
V  [jvm.dll+0x6dcac5]
V  [jvm.dll+0x6d0f9a]
V  [jvm.dll+0x35f9bb]
V  [jvm.dll+0x367566]
V  [jvm.dll+0x3b8b56]
V  [jvm.dll+0x3b8e28]
V  [jvm.dll+0x33217c]
V  [jvm.dll+0x332e6b]
V  [jvm.dll+0x8845e9]
V  [jvm.dll+0x3c5f38]
V  [jvm.dll+0x86d80d]
V  [jvm.dll+0x45ab9e]
V  [jvm.dll+0x45c771]
C  [jli.dll+0x52ab]
C  [ucrtbase.dll+0x21bb2]
C  [KERNEL32.DLL+0x17374]
C  [ntdll.dll+0x4cc91]


---------------  P R O C E S S  ---------------

Threads class SMR info:
_java_thread_list=0x00007ffa7e74d108, length=0, elements={
}

Java Threads: ( => current thread )
Total: 0

Other Threads:
  0x000002467c076b10 WorkerThread "GC Thread#0"                     [id=17568, stack(0x000000b4f0f00000,0x000000b4f1000000) (1024K)]
  0x000002467c0879c0 ConcurrentGCThread "G1 Main Marker"            [id=8376, stack(0x000000b4f1000000,0x000000b4f1100000) (1024K)]
  0x000002467c088b70 WorkerThread "G1 Conc#0"                       [id=8020, stack(0x000000b4f1100000,0x000000b4f1200000) (1024K)]

[error occurred during error reporting (printing all threads), id 0xc0000005, EXCEPTION_ACCESS_VIOLATION (0xc0000005) at pc=0x00007ffa7de452d7]
VM state: not at safepoint (not fully initialized)

VM Mutex/Monitor currently owned by a thread:  ([mutex/lock_event])
[0x00007ffa7e7c1858] Heap_lock - owner thread: 0x000002467c0197c0

Heap address: 0x0000000701e00000, size: 4066 MB, Compressed Oops mode: Zero based, Oop shift amount: 3

CDS archive(s) mapped at: [0x0000000000000000-0x0000000000000000-0x0000000000000000), size 0, SharedBaseAddress: 0x0000000800000000, ArchiveRelocationMode: 1.
Narrow klass base: 0x0000000000000000, Narrow klass shift: 0, Narrow klass range: 0x0

GC Precious Log:
 CardTable entry size: 512
 Card Set container configuration: InlinePtr #cards 4 size 8 Array Of Cards #cards 16 size 48 Howl #buckets 8 coarsen threshold 3686 Howl Bitmap #cards 512 size 80 coarsen threshold 460 Card regions per heap region 1 cards per card region 4096

Heap:
 garbage-first heap   total 0K, used 0K [0x0000000701e00000, 0x0000000800000000)
  region size 2048K, 0 young (0K), 0 survivors (0K)
 Metaspace       used 0K, committed 0K, reserved 0K
  class space    used 0K, committed 0K, reserved 0K

Heap Regions: E=young(eden), S=young(survivor), O=old, HS=humongous(starts), HC=humongous(continues), CS=collection set, F=free, TAMS=top-at-mark-start, PB=parsable bottom

Card table byte_map: [0x000002460f800000,0x0000024610000000] _byte_map_base: 0x000002460bff1000

Marking Bits: (CMBitMap*) 0x000002467c077120
 Bits: [0x0000024610000000, 0x0000024613f88000)

GC Heap History (0 events):
No events

Dll operation events (1 events):
Event: 0.012 Loaded shared library C:\Program Files\JetBrains\IntelliJ IDEA 2024.2.2\jbr\bin\java.dll

Deoptimization events (0 events):
No events

Classes loaded (0 events):
No events

Classes unloaded (0 events):
No events

Classes redefined (0 events):
No events

Internal exceptions (0 events):
No events

ZGC Phase Switch (0 events):
No events

VM Operations (0 events):
No events

Events (0 events):
No events


Dynamic libraries:
0x00007ff751a70000 - 0x00007ff751a7a000 	C:\Program Files\JetBrains\IntelliJ IDEA 2024.2.2\jbr\bin\java.exe
0x00007ffaca3d0000 - 0x00007ffaca5c8000 	C:\Windows\SYSTEM32\ntdll.dll
0x00007ffac7d80000 - 0x00007ffac7e41000 	C:\Windows\System32\KERNEL32.DLL
0x00007ffac7200000 - 0x00007ffac74fd000 	C:\Windows\System32\KERNELBASE.dll
0x00007ffac7100000 - 0x00007ffac7200000 	C:\Windows\System32\ucrtbase.dll
0x00007ffac0410000 - 0x00007ffac042b000 	C:\Program Files\JetBrains\IntelliJ IDEA 2024.2.2\jbr\bin\VCRUNTIME140.dll
0x00007ffab7630000 - 0x00007ffab7648000 	C:\Program Files\JetBrains\IntelliJ IDEA 2024.2.2\jbr\bin\jli.dll
0x00007ffac9d10000 - 0x00007ffac9ead000 	C:\Windows\System32\USER32.dll
0x00007ffac78d0000 - 0x00007ffac78f2000 	C:\Windows\System32\win32u.dll
0x00007ffac8ac0000 - 0x00007ffac8aeb000 	C:\Windows\System32\GDI32.dll
0x00007ffac7530000 - 0x00007ffac7647000 	C:\Windows\System32\gdi32full.dll
0x00007ffac7800000 - 0x00007ffac789d000 	C:\Windows\System32\msvcp_win.dll
0x00007ffaacde0000 - 0x00007ffaad07a000 	C:\Windows\WinSxS\amd64_microsoft.windows.common-controls_6595b64144ccf1df_6.0.19041.4355_none_60b8b9eb71f62e16\COMCTL32.dll
0x00007ffaca2f0000 - 0x00007ffaca38e000 	C:\Windows\System32\msvcrt.dll
0x00007ffac8f10000 - 0x00007ffac8f3f000 	C:\Windows\System32\IMM32.DLL
0x00007ffac4a10000 - 0x00007ffac4a1c000 	C:\Program Files\JetBrains\IntelliJ IDEA 2024.2.2\jbr\bin\vcruntime140_1.dll
0x00007ffa821c0000 - 0x00007ffa8224d000 	C:\Program Files\JetBrains\IntelliJ IDEA 2024.2.2\jbr\bin\msvcp140.dll
0x00007ffa7db00000 - 0x00007ffa7e8b2000 	C:\Program Files\JetBrains\IntelliJ IDEA 2024.2.2\jbr\bin\server\jvm.dll
0x00007ffac8320000 - 0x00007ffac83d0000 	C:\Windows\System32\ADVAPI32.dll
0x00007ffac8260000 - 0x00007ffac8300000 	C:\Windows\System32\sechost.dll
0x00007ffac7ad0000 - 0x00007ffac7bf3000 	C:\Windows\System32\RPCRT4.dll
0x00007ffac7500000 - 0x00007ffac7527000 	C:\Windows\System32\bcrypt.dll
0x00007ffac8180000 - 0x00007ffac81eb000 	C:\Windows\System32\WS2_32.dll
0x00007ffac6620000 - 0x00007ffac666b000 	C:\Windows\SYSTEM32\POWRPROF.dll
0x00007ffab4d00000 - 0x00007ffab4d27000 	C:\Windows\SYSTEM32\WINMM.dll
0x00007ffabceb0000 - 0x00007ffabceba000 	C:\Windows\SYSTEM32\VERSION.dll
0x00007ffac64a0000 - 0x00007ffac64b2000 	C:\Windows\SYSTEM32\UMPDC.dll
0x00007ffac4f40000 - 0x00007ffac4f52000 	C:\Windows\SYSTEM32\kernel.appcore.dll
0x00007ffac1170000 - 0x00007ffac117a000 	C:\Program Files\JetBrains\IntelliJ IDEA 2024.2.2\jbr\bin\jimage.dll
0x00007ffa91e20000 - 0x00007ffa92004000 	C:\Windows\SYSTEM32\DBGHELP.DLL
0x00007ffa91de0000 - 0x00007ffa91e14000 	C:\Windows\SYSTEM32\dbgcore.DLL
0x00007ffac79c0000 - 0x00007ffac7a42000 	C:\Windows\System32\bcryptPrimitives.dll
0x00007ffac0370000 - 0x00007ffac038f000 	C:\Program Files\JetBrains\IntelliJ IDEA 2024.2.2\jbr\bin\java.dll

dbghelp: loaded successfully - version: 4.0.5 - missing functions: none
symbol engine: initialized successfully - sym options: 0x614 - pdb path: .;C:\Program Files\JetBrains\IntelliJ IDEA 2024.2.2\jbr\bin;C:\Windows\SYSTEM32;C:\Windows\WinSxS\amd64_microsoft.windows.common-controls_6595b64144ccf1df_6.0.19041.4355_none_60b8b9eb71f62e16;C:\Program Files\JetBrains\IntelliJ IDEA 2024.2.2\jbr\bin\server

VM Arguments:
java_command: git4idea.http.GitAskPassApp Username for 'https://github.com': 
java_class_path (initial): C:/Program Files/JetBrains/IntelliJ IDEA 2024.2.2/plugins/vcs-git/lib/git4idea-rt.jar;C:/Program Files/JetBrains/IntelliJ IDEA 2024.2.2/lib/externalProcess-rt.jar
Launcher Type: SUN_STANDARD

[Global flags]
     intx CICompilerCount                          = 3                                         {product} {ergonomic}
     uint ConcGCThreads                            = 1                                         {product} {ergonomic}
     uint G1ConcRefinementThreads                  = 4                                         {product} {ergonomic}
   size_t G1HeapRegionSize                         = 2097152                                   {product} {ergonomic}
    uintx GCDrainStackTargetSize                   = 64                                        {product} {ergonomic}
   size_t InitialHeapSize                          = 268435456                                 {product} {ergonomic}
   size_t MarkStackSize                            = 4194304                                   {product} {ergonomic}
   size_t MaxHeapSize                              = 4263510016                                {product} {ergonomic}
   size_t MinHeapDeltaBytes                        = 2097152                                   {product} {ergonomic}
   size_t MinHeapSize                              = 8388608                                   {product} {ergonomic}
    uintx NonNMethodCodeHeapSize                   = 5832780                                {pd product} {ergonomic}
    uintx NonProfiledCodeHeapSize                  = 122912730                              {pd product} {ergonomic}
    uintx ProfiledCodeHeapSize                     = 122912730                              {pd product} {ergonomic}
    uintx ReservedCodeCacheSize                    = 251658240                              {pd product} {ergonomic}
     bool SegmentedCodeCache                       = true                                      {product} {ergonomic}
   size_t SoftMaxHeapSize                          = 4263510016                             {manageable} {ergonomic}
     bool UseCompressedOops                        = true                           {product lp64_product} {ergonomic}
     bool UseG1GC                                  = true                                      {product} {ergonomic}
     bool UseLargePagesIndividualAllocation        = false                                  {pd product} {ergonomic}

Logging:
Log output configuration:
 #0: stdout all=warning uptime,level,tags foldmultilines=false
 #1: stderr all=off uptime,level,tags foldmultilines=false

Environment Variables:
PATH=C:\Program Files\Git\mingw64\libexec\git-core;C:\Program Files\Git\mingw64\libexec\git-core;C:\Program Files\Git\mingw64\bin;C:\Program Files\Git\usr\bin;C:\Users\test\bin;C:\PROGRA~2\Fiery\APPLIC~1\COMMON~1\EFI;C:\Program Files (x86)\Common files\EFI;C:\Program Files (x86)\Common files\EFI\EFI ES-1000 Service;C:\Program Files (x86)\Common Files\Oracle\Java\javapath;C:\PROGRA~2\JAVA\JRE18~1.0_2\BIN;C:\PROGRAM FILES (X86)\NVIDIA CORPORATION\PHYSX\COMMON;C:\PROGRAMDATA\ORACLE\JAVA\JAVAPATH;C:\PROGRA~2\FIERY\COMMAN~1\PLUGINS;C:\PROGRAMDATA\MORUNTIME;C:\PROGRA~2\JAVA\JRE6\BIN;C:\PROGRAM FILES (X86)\INTEL\ICLS CLIENT;C:\PROGRAM FILES\INTEL\ICLS CLIENT;C:\Windows\SYSTEM32;C:\Windows;C:\Windows\SYSTEM32\WBEM;C:\Windows\SYSTEM32\WINDOWSPOWERSHELL\V1.0;C:\PROGRAM FILES\INTEL\INTEL(R) MANAGEMENT ENGINE COMPONENTS\DAL;C:\PROGRAM FILES\INTEL\INTEL(R) MANAGEMENT ENGINE COMPONENTS\IPT;C:\PROGRAM FILES (X86)\INTEL\INTEL(R) MANAGEMENT ENGINE COMPONENTS\DAL;C:\PROGRAM FILES (X86)\INTEL\INTEL(R) MANAGEMENT ENGINE COMPONENTS\IPT;C:\PROGRAM FILES (X86)\INTEL\OPENCL SDK\3.0\BIN\X86;C:\PROGRAM FILES (X86)\INTEL\OPENCL SDK\3.0\BIN\X64;C:\PROGRAM FILES (X86)\ATI TECHNOLOGIES\ATI.ACE\CORE-STATIC;C:\PROGRA~2\FIERY\COMMAN~1\FIERYC~1;C:\PROGRAM FILES (X86)\QUICKTIME\QTSYSTEM;C:\PROGRAM FILES (X86)\AMD\ATI.ACE\CORE-STATIC;C:\PROGRAM FILES (X86)\MICROSOFT SQL SERVER\110\TOOLS\BINN;C:\PROGRAM FILES\MICROSOFT SQL SERVER\110\TOOLS\BINN;C:\PROGRAM FILES\MICROSOFT SQL SERVER\110\DTS\BINN;C:\PROGRAM FILES (X86)\MICROSOFT SQL SERVER\110\TOOLS\BINN\MANAGEMENTSTUDIO;C:\PROGRAM FILES (X86)\MICROSOFT SQL SERVER\110\DTS\BINN;C:\ESKO\ARTIOS\COMMON\PROGRAM;C:\MinGW\bin;C:\Program Files\dotnet;C:\Windows\system32;C:\Windows;C:\Windows\System32\Wbem;C:\Windows\System32\WindowsPowerShell\v1.0;C:\Windows\System32\OpenSSH;C:\Program Files (x86)\Print Conductor;C:\Program Files (x86)\Microsoft SQL Server\150\DTS\Binn;C:\PROGRA~2\COMMON~1\EFI;C:\PROGRA~2\COMMON~1\EFI\EFIES-~1;C:\Program Files\nodejs;C:\Program Files\Git\cmd;C:\Users\test\AppData\Local\Microsoft\WindowsApps;C:\Users\test\AppData\Local\Programs\Microsoft VS Code\bin;C:\Users\test\AppData\Roaming\npm;C:\Users\test\AppData\Local\Microsoft\WinGet\Packages\Schniz.fnm_Microsoft.Winget.Source_8wekyb3d8bbwe;C:\Users\test\AppData\Local\JetBrains\Toolbox\scripts;C:\Program Files\JetBrains\IntelliJ IDEA 2024.2.2\bin
USERNAME=test
DISPLAY=:0.0
LC_ALL=en_US.UTF-8
TERM=xterm-256color
TMPDIR=C:\Users\test\AppData\Local\Temp
OS=Windows_NT
PROCESSOR_IDENTIFIER=Intel64 Family 6 Model 60 Stepping 3, GenuineIntel
TMP=C:\Users\test\AppData\Local\Temp
TEMP=C:\Users\test\AppData\Local\Temp




Periodic native trim disabled

JNI global refs:
JNI global refs: 0, weak refs: 0

JNI global refs memory usage: 0, weak refs: 0

Process memory usage:
Resident Set Size: 10792K (0% of 16653180K total physical memory with 559596K free physical memory)

OOME stack traces (most recent first):
Classloader memory used:

---------------  S Y S T E M  ---------------

OS:
 Windows 10 , 64 bit Build 19041 (10.0.19041.4842)
OS uptime: 1 days 3:38 hours

CPU: total 4 (initial active 4) (4 cores per cpu, 1 threads per core) family 6 model 60 stepping 3 microcode 0x27, cx8, cmov, fxsr, mmx, sse, sse2, sse3, ssse3, sse4.1, sse4.2, popcnt, lzcnt, tsc, tscinvbit, avx, avx2, aes, erms, clmul, bmi1, bmi2, fma, vzeroupper, clflush, rdtscp, f16c
Processor Information for all 4 processors :
  Max Mhz: 3201, Current Mhz: 3201, Mhz Limit: 3201

Memory: 4k page, system-wide physical 16262M (546M free)
TotalPageFile size 20196M (AvailPageFile size 119M)
current process WorkingSet (physical memory assigned to process): 10M, peak: 10M
current process commit charge ("private bytes"): 52M, peak: 307M

vm_info: OpenJDK 64-Bit Server VM (21.0.3+13-b509.15) for windows-amd64 JRE (21.0.3+13-b509.15), built on 2024-09-04 by "builduser" with MS VC++ 16.10 / 16.11 (VS2019)

END.
